{
  "RSpec": {
    "coverage": {
      "/Users/dev/Library/Mobile Documents/com~apple~CloudDocs/Projects/wk9/code_farm/spec/features/pages_feature_spec.rb": [
        1,
        null,
        1,
        1,
        1,
        1,
        1,
        null,
        null,
        null,
        1,
        1,
        1,
        1,
        1,
        1,
        null,
        null,
        null,
        1,
        1,
        1,
        1,
        1,
        1,
        null,
        null,
        null,
        1,
        1,
        1,
        1,
        1,
        1,
        null,
        1,
        1,
        1,
        null,
        null,
        null,
        1,
        1,
        1,
        1,
        1,
        1,
        null,
        null,
        null,
        1,
        1,
        1,
        1,
        1,
        1,
        null,
        null,
        null,
        null,
        null,
        null,
        null,
        null,
        null,
        null,
        null,
        null,
        null
      ],
      "/Users/dev/Library/Mobile Documents/com~apple~CloudDocs/Projects/wk9/code_farm/spec/rails_helper.rb": [
        null,
        1,
        1,
        null,
        1,
        1,
        1,
        1,
        1,
        null,
        1,
        1,
        null,
        null,
        null,
        null,
        null,
        null,
        null,
        null,
        null,
        null,
        null,
        null,
        null,
        null,
        null,
        null,
        null,
        null,
        null,
        null,
        1,
        null,
        1,
        null,
        1,
        null,
        null,
        null,
        null,
        1,
        null,
        null,
        null,
        null,
        null,
        null,
        null,
        null,
        null,
        null,
        null,
        null,
        null,
        null,
        1,
        null,
        null,
        1,
        null,
        null,
        null
      ],
      "/Users/dev/Library/Mobile Documents/com~apple~CloudDocs/Projects/wk9/code_farm/config/environment.rb": [
        null,
        1,
        null,
        null,
        1
      ],
      "/Users/dev/Library/Mobile Documents/com~apple~CloudDocs/Projects/wk9/code_farm/config/application.rb": [
        1,
        null,
        1,
        null,
        1,
        1,
        1,
        1,
        1,
        1,
        1,
        null,
        null,
        null,
        null,
        1,
        null,
        1,
        1,
        null,
        null,
        null,
        null,
        null,
        null,
        null,
        null,
        null,
        null,
        null,
        null,
        null,
        1,
        null,
        null
      ],
      "/Users/dev/Library/Mobile Documents/com~apple~CloudDocs/Projects/wk9/code_farm/config/boot.rb": [
        1,
        null,
        1
      ],
      "/Users/dev/Library/Mobile Documents/com~apple~CloudDocs/Projects/wk9/code_farm/config/environments/test.rb": [
        1,
        null,
        null,
        null,
        null,
        null,
        null,
        1,
        null,
        null,
        null,
        null,
        1,
        null,
        null,
        1,
        1,
        null,
        null,
        1,
        1,
        null,
        null,
        1,
        null,
        null,
        1,
        null,
        null,
        null,
        null,
        1,
        null,
        null,
        1,
        null,
        null,
        1,
        null,
        null,
        null,
        null
      ],
      "/Users/dev/Library/Mobile Documents/com~apple~CloudDocs/Projects/wk9/code_farm/config/initializers/assets.rb": [
        null,
        null,
        null,
        1,
        null,
        null,
        null,
        null,
        null,
        null,
        null
      ],
      "/Users/dev/Library/Mobile Documents/com~apple~CloudDocs/Projects/wk9/code_farm/config/initializers/backtrace_silencers.rb": [
        null,
        null,
        null,
        null,
        null,
        null,
        null
      ],
      "/Users/dev/Library/Mobile Documents/com~apple~CloudDocs/Projects/wk9/code_farm/config/initializers/cookies_serializer.rb": [
        null,
        null,
        1
      ],
      "/Users/dev/Library/Mobile Documents/com~apple~CloudDocs/Projects/wk9/code_farm/config/initializers/filter_parameter_logging.rb": [
        null,
        null,
        null,
        1
      ],
      "/Users/dev/Library/Mobile Documents/com~apple~CloudDocs/Projects/wk9/code_farm/config/initializers/inflections.rb": [
        null,
        null,
        null,
        null,
        null,
        null,
        null,
        null,
        null,
        null,
        null,
        null,
        null,
        null,
        null,
        null
      ],
      "/Users/dev/Library/Mobile Documents/com~apple~CloudDocs/Projects/wk9/code_farm/config/initializers/mime_types.rb": [
        null,
        null,
        null,
        null
      ],
      "/Users/dev/Library/Mobile Documents/com~apple~CloudDocs/Projects/wk9/code_farm/config/initializers/session_store.rb": [
        null,
        null,
        1
      ],
      "/Users/dev/Library/Mobile Documents/com~apple~CloudDocs/Projects/wk9/code_farm/config/initializers/wrap_parameters.rb": [
        null,
        null,
        null,
        null,
        null,
        null,
        1,
        1,
        null,
        null,
        null,
        null,
        null,
        null
      ],
      "/Users/dev/Library/Mobile Documents/com~apple~CloudDocs/Projects/wk9/code_farm/config/routes.rb": [
        1,
        1,
        null,
        1,
        null,
        1,
        null,
        1,
        null,
        1,
        null,
        1,
        null,
        1,
        null,
        1,
        null
      ],
      "/Users/dev/Library/Mobile Documents/com~apple~CloudDocs/Projects/wk9/code_farm/spec/helper.rb": [
        1,
        4,
        4,
        4,
        4,
        null
      ],
      "/Users/dev/Library/Mobile Documents/com~apple~CloudDocs/Projects/wk9/code_farm/spec/features/welcome_feature_spec.rb": [
        1,
        null,
        1,
        null,
        1,
        null,
        1,
        1,
        1,
        1,
        null,
        null,
        null,
        1,
        1,
        1,
        1,
        null,
        1,
        null,
        null,
        1,
        null,
        1,
        1,
        1,
        1,
        null,
        null,
        1,
        1,
        1,
        1,
        null,
        null,
        1,
        1,
        1,
        1,
        null,
        null,
        1,
        1,
        1,
        1,
        null,
        null,
        null
      ],
      "/Users/dev/Library/Mobile Documents/com~apple~CloudDocs/Projects/wk9/code_farm/app/controllers/pages_controller.rb": [
        1,
        1,
        null,
        null,
        1,
        null,
        null,
        1,
        null,
        null,
        1,
        null,
        null,
        1,
        null,
        null,
        1,
        null,
        null,
        1,
        null,
        null
      ],
      "/Users/dev/Library/Mobile Documents/com~apple~CloudDocs/Projects/wk9/code_farm/app/controllers/application_controller.rb": [
        1,
        null,
        null,
        1,
        null
      ]
    },
    "timestamp": 1476454898
  }
}
